<?xml version="1.0" encoding="UTF-8"?>
<coverage generated="1516771510282" clover="3.2.0">
  <project timestamp="1516771510282" name="All files">
    <metrics statements="50" coveredstatements="43" conditionals="18" coveredconditionals="15" methods="10" coveredmethods="8" elements="78" coveredelements="66" complexity="0" loc="50" ncloc="50" packages="1" files="2" classes="2">
      <file name="body-parse.js" path="/Users/deanmurphy/codefellows/401/lab-assignments/07-vanilla-http/lab-dean/lib/body-parse.js">
        <metrics statements="17" coveredstatements="14" conditionals="4" coveredconditionals="4" methods="5" coveredmethods="3"/>
        <line num="3" count="1" type="stmt"/>
        <line num="4" count="1" type="stmt"/>
        <line num="6" count="1" type="stmt"/>
        <line num="7" count="13" type="stmt"/>
        <line num="8" count="13" type="stmt"/>
        <line num="9" count="13" type="stmt"/>
        <line num="11" count="13" type="cond" truecount="4" falsecount="0"/>
        <line num="13" count="3" type="stmt"/>
        <line num="15" count="3" type="stmt"/>
        <line num="16" count="0" type="stmt"/>
        <line num="19" count="3" type="stmt"/>
        <line num="20" count="3" type="stmt"/>
        <line num="21" count="3" type="stmt"/>
        <line num="22" count="0" type="stmt"/>
        <line num="24" count="3" type="stmt"/>
        <line num="28" count="3" type="stmt"/>
        <line num="29" count="0" type="stmt"/>
      </file>
      <file name="server.js" path="/Users/deanmurphy/codefellows/401/lab-assignments/07-vanilla-http/lab-dean/lib/server.js">
        <metrics statements="33" coveredstatements="29" conditionals="14" coveredconditionals="11" methods="5" coveredmethods="5"/>
        <line num="3" count="1" type="stmt"/>
        <line num="4" count="1" type="stmt"/>
        <line num="5" count="1" type="stmt"/>
        <line num="6" count="1" type="stmt"/>
        <line num="8" count="1" type="stmt"/>
        <line num="11" count="13" type="stmt"/>
        <line num="13" count="10" type="cond" truecount="4" falsecount="0"/>
        <line num="14" count="3" type="stmt"/>
        <line num="15" count="3" type="stmt"/>
        <line num="16" count="3" type="stmt"/>
        <line num="17" count="3" type="stmt"/>
        <line num="20" count="7" type="cond" truecount="3" falsecount="1"/>
        <line num="21" count="7" type="cond" truecount="2" falsecount="0"/>
        <line num="22" count="6" type="stmt"/>
        <line num="23" count="6" type="stmt"/>
        <line num="26" count="6" type="stmt"/>
        <line num="27" count="6" type="stmt"/>
        <line num="32" count="1" type="cond" truecount="2" falsecount="2"/>
        <line num="33" count="0" type="stmt"/>
        <line num="34" count="0" type="stmt"/>
        <line num="35" count="0" type="stmt"/>
        <line num="36" count="0" type="stmt"/>
        <line num="41" count="1" type="stmt"/>
        <line num="42" count="1" type="stmt"/>
        <line num="43" count="1" type="stmt"/>
        <line num="44" count="1" type="stmt"/>
        <line num="47" count="3" type="stmt"/>
        <line num="48" count="3" type="stmt"/>
        <line num="49" count="3" type="stmt"/>
        <line num="50" count="3" type="stmt"/>
        <line num="55" count="1" type="stmt"/>
        <line num="56" count="1" type="stmt"/>
        <line num="57" count="1" type="stmt"/>
      </file>
    </metrics>
  </project>
</coverage>
