{"/Users/deanmurphy/codefellows/401/lab-assignments/07-vanilla-http/lab-dean/lib/body-parse.js": {"path":"/Users/deanmurphy/codefellows/401/lab-assignments/07-vanilla-http/lab-dean/lib/body-parse.js","statementMap":{"0":{"start":{"line":3,"column":18},"end":{"line":3,"column":32}},"1":{"start":{"line":4,"column":20},"end":{"line":4,"column":42}},"2":{"start":{"line":6,"column":0},"end":{"line":32,"column":2}},"3":{"start":{"line":7,"column":2},"end":{"line":31,"column":5}},"4":{"start":{"line":8,"column":4},"end":{"line":8,"column":47}},"5":{"start":{"line":9,"column":4},"end":{"line":9,"column":61}},"6":{"start":{"line":11,"column":4},"end":{"line":11,"column":86}},"7":{"start":{"line":11,"column":62},"end":{"line":11,"column":86}},"8":{"start":{"line":13,"column":18},"end":{"line":13,"column":20}},"9":{"start":{"line":15,"column":4},"end":{"line":17,"column":7}},"10":{"start":{"line":16,"column":6},"end":{"line":16,"column":33}},"11":{"start":{"line":19,"column":4},"end":{"line":26,"column":7}},"12":{"start":{"line":20,"column":6},"end":{"line":25,"column":7}},"13":{"start":{"line":21,"column":8},"end":{"line":21,"column":43}},"14":{"start":{"line":22,"column":8},"end":{"line":22,"column":32}},"15":{"start":{"line":24,"column":8},"end":{"line":24,"column":27}},"16":{"start":{"line":28,"column":4},"end":{"line":30,"column":7}},"17":{"start":{"line":29,"column":6},"end":{"line":29,"column":25}}},"fnMap":{"0":{"name":"(anonymous_0)","decl":{"start":{"line":6,"column":17},"end":{"line":6,"column":18}},"loc":{"start":{"line":6,"column":34},"end":{"line":32,"column":1}},"line":6},"1":{"name":"(anonymous_1)","decl":{"start":{"line":7,"column":21},"end":{"line":7,"column":22}},"loc":{"start":{"line":7,"column":42},"end":{"line":31,"column":3}},"line":7},"2":{"name":"(anonymous_2)","decl":{"start":{"line":15,"column":23},"end":{"line":15,"column":24}},"loc":{"start":{"line":15,"column":31},"end":{"line":17,"column":5}},"line":15},"3":{"name":"(anonymous_3)","decl":{"start":{"line":19,"column":22},"end":{"line":19,"column":23}},"loc":{"start":{"line":19,"column":28},"end":{"line":26,"column":5}},"line":19},"4":{"name":"(anonymous_4)","decl":{"start":{"line":28,"column":24},"end":{"line":28,"column":25}},"loc":{"start":{"line":28,"column":31},"end":{"line":30,"column":5}},"line":28}},"branchMap":{"0":{"loc":{"start":{"line":11,"column":4},"end":{"line":11,"column":86}},"type":"if","locations":[{"start":{"line":11,"column":4},"end":{"line":11,"column":86}},{"start":{"line":11,"column":4},"end":{"line":11,"column":86}}],"line":11},"1":{"loc":{"start":{"line":11,"column":7},"end":{"line":11,"column":60}},"type":"binary-expr","locations":[{"start":{"line":11,"column":7},"end":{"line":11,"column":32}},{"start":{"line":11,"column":36},"end":{"line":11,"column":60}}],"line":11}},"s":{"0":1,"1":1,"2":1,"3":13,"4":13,"5":13,"6":13,"7":10,"8":3,"9":3,"10":0,"11":3,"12":3,"13":3,"14":0,"15":3,"16":3,"17":0},"f":{"0":13,"1":13,"2":0,"3":3,"4":0},"b":{"0":[10,3],"1":[13,10]},"_coverageSchema":"332fd63041d2c1bcb487cc26dd0d5f7d97098a6c","hash":"b1546623558cb0d6ddcb28c0fac5982c8ac70eb8"}
,"/Users/deanmurphy/codefellows/401/lab-assignments/07-vanilla-http/lab-dean/lib/server.js": {"path":"/Users/deanmurphy/codefellows/401/lab-assignments/07-vanilla-http/lab-dean/lib/server.js","statementMap":{"0":{"start":{"line":3,"column":13},"end":{"line":3,"column":28}},"1":{"start":{"line":4,"column":19},"end":{"line":4,"column":42}},"2":{"start":{"line":5,"column":15},"end":{"line":5,"column":32}},"3":{"start":{"line":6,"column":20},"end":{"line":6,"column":42}},"4":{"start":{"line":8,"column":12},"end":{"line":52,"column":2}},"5":{"start":{"line":11,"column":2},"end":{"line":51,"column":7}},"6":{"start":{"line":13,"column":6},"end":{"line":18,"column":7}},"7":{"start":{"line":14,"column":8},"end":{"line":14,"column":59}},"8":{"start":{"line":15,"column":8},"end":{"line":15,"column":43}},"9":{"start":{"line":16,"column":8},"end":{"line":16,"column":18}},"10":{"start":{"line":17,"column":8},"end":{"line":17,"column":15}},"11":{"start":{"line":20,"column":6},"end":{"line":30,"column":7}},"12":{"start":{"line":21,"column":8},"end":{"line":28,"column":9}},"13":{"start":{"line":22,"column":10},"end":{"line":22,"column":61}},"14":{"start":{"line":23,"column":10},"end":{"line":25,"column":14}},"15":{"start":{"line":26,"column":10},"end":{"line":26,"column":20}},"16":{"start":{"line":27,"column":10},"end":{"line":27,"column":17}},"17":{"start":{"line":32,"column":6},"end":{"line":37,"column":7}},"18":{"start":{"line":33,"column":8},"end":{"line":33,"column":59}},"19":{"start":{"line":34,"column":8},"end":{"line":34,"column":48}},"20":{"start":{"line":35,"column":8},"end":{"line":35,"column":18}},"21":{"start":{"line":36,"column":8},"end":{"line":36,"column":15}},"22":{"start":{"line":41,"column":6},"end":{"line":41,"column":57}},"23":{"start":{"line":42,"column":6},"end":{"line":42,"column":51}},"24":{"start":{"line":43,"column":6},"end":{"line":43,"column":16}},"25":{"start":{"line":44,"column":6},"end":{"line":44,"column":13}},"26":{"start":{"line":47,"column":6},"end":{"line":47,"column":57}},"27":{"start":{"line":48,"column":6},"end":{"line":48,"column":76}},"28":{"start":{"line":49,"column":6},"end":{"line":49,"column":16}},"29":{"start":{"line":50,"column":6},"end":{"line":50,"column":13}},"30":{"start":{"line":55,"column":15},"end":{"line":55,"column":34}},"31":{"start":{"line":56,"column":0},"end":{"line":56,"column":50}},"32":{"start":{"line":56,"column":29},"end":{"line":56,"column":49}},"33":{"start":{"line":57,"column":0},"end":{"line":57,"column":36}},"34":{"start":{"line":57,"column":22},"end":{"line":57,"column":35}}},"fnMap":{"0":{"name":"(anonymous_0)","decl":{"start":{"line":8,"column":30},"end":{"line":8,"column":31}},"loc":{"start":{"line":8,"column":44},"end":{"line":52,"column":1}},"line":8},"1":{"name":"(anonymous_1)","decl":{"start":{"line":12,"column":10},"end":{"line":12,"column":11}},"loc":{"start":{"line":12,"column":21},"end":{"line":45,"column":5}},"line":12},"2":{"name":"(anonymous_2)","decl":{"start":{"line":46,"column":11},"end":{"line":46,"column":12}},"loc":{"start":{"line":46,"column":18},"end":{"line":51,"column":5}},"line":46},"3":{"name":"(anonymous_3)","decl":{"start":{"line":56,"column":15},"end":{"line":56,"column":16}},"loc":{"start":{"line":56,"column":29},"end":{"line":56,"column":49}},"line":56},"4":{"name":"(anonymous_4)","decl":{"start":{"line":57,"column":14},"end":{"line":57,"column":15}},"loc":{"start":{"line":57,"column":22},"end":{"line":57,"column":35}},"line":57}},"branchMap":{"0":{"loc":{"start":{"line":13,"column":6},"end":{"line":18,"column":7}},"type":"if","locations":[{"start":{"line":13,"column":6},"end":{"line":18,"column":7}},{"start":{"line":13,"column":6},"end":{"line":18,"column":7}}],"line":13},"1":{"loc":{"start":{"line":13,"column":9},"end":{"line":13,"column":65}},"type":"binary-expr","locations":[{"start":{"line":13,"column":9},"end":{"line":13,"column":33}},{"start":{"line":13,"column":37},"end":{"line":13,"column":65}}],"line":13},"2":{"loc":{"start":{"line":20,"column":6},"end":{"line":30,"column":7}},"type":"if","locations":[{"start":{"line":20,"column":6},"end":{"line":30,"column":7}},{"start":{"line":20,"column":6},"end":{"line":30,"column":7}}],"line":20},"3":{"loc":{"start":{"line":20,"column":9},"end":{"line":20,"column":71}},"type":"binary-expr","locations":[{"start":{"line":20,"column":9},"end":{"line":20,"column":33}},{"start":{"line":20,"column":37},"end":{"line":20,"column":71}}],"line":20},"4":{"loc":{"start":{"line":21,"column":8},"end":{"line":28,"column":9}},"type":"if","locations":[{"start":{"line":21,"column":8},"end":{"line":28,"column":9}},{"start":{"line":21,"column":8},"end":{"line":28,"column":9}}],"line":21},"5":{"loc":{"start":{"line":32,"column":6},"end":{"line":37,"column":7}},"type":"if","locations":[{"start":{"line":32,"column":6},"end":{"line":37,"column":7}},{"start":{"line":32,"column":6},"end":{"line":37,"column":7}}],"line":32},"6":{"loc":{"start":{"line":32,"column":9},"end":{"line":32,"column":72}},"type":"binary-expr","locations":[{"start":{"line":32,"column":9},"end":{"line":32,"column":34}},{"start":{"line":32,"column":38},"end":{"line":32,"column":72}}],"line":32}},"s":{"0":1,"1":1,"2":1,"3":1,"4":1,"5":13,"6":10,"7":3,"8":3,"9":3,"10":3,"11":7,"12":7,"13":6,"14":6,"15":6,"16":6,"17":1,"18":0,"19":0,"20":0,"21":0,"22":1,"23":1,"24":1,"25":1,"26":3,"27":3,"28":3,"29":3,"30":1,"31":1,"32":1,"33":1,"34":1},"f":{"0":13,"1":10,"2":3,"3":1,"4":1},"b":{"0":[3,7],"1":[10,10],"2":[7,0],"3":[7,7],"4":[6,1],"5":[0,1],"6":[1,0]},"_coverageSchema":"332fd63041d2c1bcb487cc26dd0d5f7d97098a6c","hash":"395d6d794ddbf7531824815dcac01a4d56e69cca"}
}
