TN:
SF:/Users/deanmurphy/codefellows/401/lab-assignments/07-vanilla-http/lab-dean/lib/body-parse.js
FN:6,(anonymous_0)
FN:7,(anonymous_1)
FN:15,(anonymous_2)
FN:19,(anonymous_3)
FN:28,(anonymous_4)
FNF:5
FNH:4
FNDA:13,(anonymous_0)
FNDA:13,(anonymous_1)
FNDA:3,(anonymous_2)
FNDA:6,(anonymous_3)
FNDA:0,(anonymous_4)
DA:3,1
DA:4,1
DA:6,1
DA:7,13
DA:8,13
DA:9,13
DA:11,13
DA:13,6
DA:15,6
DA:16,3
DA:19,6
DA:20,6
DA:21,6
DA:22,3
DA:24,3
DA:28,6
DA:29,0
LF:17
LH:16
BRDA:11,0,0,7
BRDA:11,0,1,6
BRDA:11,1,0,13
BRDA:11,1,1,7
BRF:4
BRH:4
end_of_record
TN:
SF:/Users/deanmurphy/codefellows/401/lab-assignments/07-vanilla-http/lab-dean/lib/server.js
FN:8,(anonymous_0)
FN:12,(anonymous_1)
FN:46,(anonymous_2)
FN:56,(anonymous_3)
FN:57,(anonymous_4)
FNF:5
FNH:5
FNDA:13,(anonymous_0)
FNDA:10,(anonymous_1)
FNDA:3,(anonymous_2)
FNDA:1,(anonymous_3)
FNDA:1,(anonymous_4)
DA:3,1
DA:4,1
DA:5,1
DA:6,1
DA:8,1
DA:11,13
DA:13,10
DA:14,3
DA:15,3
DA:16,3
DA:17,3
DA:20,7
DA:21,4
DA:22,3
DA:23,3
DA:26,3
DA:27,3
DA:32,4
DA:33,3
DA:34,3
DA:35,3
DA:36,3
DA:41,1
DA:42,1
DA:43,1
DA:44,1
DA:47,3
DA:48,3
DA:49,3
DA:50,3
DA:55,1
DA:56,1
DA:57,1
LF:33
LH:33
BRDA:13,0,0,3
BRDA:13,0,1,7
BRDA:13,1,0,10
BRDA:13,1,1,7
BRDA:20,2,0,4
BRDA:20,2,1,3
BRDA:20,3,0,7
BRDA:20,3,1,4
BRDA:21,4,0,3
BRDA:21,4,1,1
BRDA:32,5,0,3
BRDA:32,5,1,1
BRDA:32,6,0,4
BRDA:32,6,1,3
BRF:14
BRH:14
end_of_record
